<?xml version="1.0" encoding="UTF-8"?>
<!-- Generated by org.testng.reporters.JUnitReportReporter -->
<testsuite hostname="QT-INBG-LT0386" failures="0" tests="6" name="intro.signup3" time="60.392" errors="0" timestamp="2022-09-19T16:19:54 IST" skipped="0">
  <testcase classname="intro.signup3" name="main" time="8.581"/>
  <system-out/>
  <testcase classname="intro.signup3" name="main" time="8.091"/>
  <system-out/>
  <testcase classname="intro.signup3" name="main" time="13.191"/>
  <system-out/>
  <testcase classname="intro.signup3" name="main" time="8.664"/>
  <system-out/>
  <testcase classname="intro.signup3" name="main" time="12.864"/>
  <system-out/>
  <testcase classname="intro.signup3" name="main" time="9.001"/>
  <system-out/>
</testsuite> <!-- intro.signup3 -->
