<?xml version="1.0" encoding="UTF-8"?>
<!-- Generated by org.testng.reporters.JUnitReportReporter -->
<testsuite hostname="QT-INBG-LT0386" failures="0" tests="5" name="intro.signin3" time="51.404" errors="0" timestamp="2022-09-19T16:19:54 IST" skipped="0">
  <testcase classname="intro.signin3" name="signin3" time="11.156"/>
  <system-out/>
  <testcase classname="intro.signin3" name="signin3" time="10.756"/>
  <system-out/>
  <testcase classname="intro.signin3" name="signin3" time="10.032"/>
  <system-out/>
  <testcase classname="intro.signin3" name="signin3" time="9.831"/>
  <system-out/>
  <testcase classname="intro.signin3" name="signin3" time="9.629"/>
  <system-out/>
</testsuite> <!-- intro.signin3 -->
