<?xml version="1.0" encoding="UTF-8"?>
<!-- Generated by org.testng.reporters.JUnitReportReporter -->
<testsuite hostname="QT-INBG-LT0386" failures="0" tests="5" name="intro.contactus3" time="60.512" errors="0" timestamp="2022-09-19T16:19:54 IST" skipped="0">
  <testcase classname="intro.contactus3" name="contactus3" time="10.934"/>
  <system-out/>
  <testcase classname="intro.contactus3" name="contactus3" time="12.359"/>
  <system-out/>
  <testcase classname="intro.contactus3" name="contactus3" time="14.433"/>
  <system-out/>
  <testcase classname="intro.contactus3" name="contactus3" time="10.695"/>
  <system-out/>
  <testcase classname="intro.contactus3" name="contactus3" time="12.091"/>
  <system-out/>
</testsuite> <!-- intro.contactus3 -->
