<?xml version="1.0" encoding="UTF-8"?>
<!-- Generated by org.testng.reporters.JUnitReportReporter -->
<testsuite hostname="QT-INBG-LT0386" failures="0" tests="1" name="intro.ContactUs" time="10.943" errors="0" timestamp="2022-09-19T11:37:43 IST" skipped="0">
  <testcase classname="intro.ContactUs" name="contactus" time="10.943"/>
  <system-out/>
</testsuite> <!-- intro.ContactUs -->
